<?xml version="1.0" encoding="UTF-8"?>
<!-- Generated by org.testng.reporters.JUnitReportReporter -->
<testsuite hostname="MPERUMAL" name="com.tag4qa.tests.TestAddCustomer" tests="2" failures="0" timestamp="13 Jul 2016 11:39:51 GMT" time="29.287" errors="0">
  <testcase name="addCustomer" time="14.190" classname="com.tag4qa.tests.TestAddCustomer"/>
  <testcase name="addCustomer" time="15.097" classname="com.tag4qa.tests.TestAddCustomer"/>
</testsuite> <!-- com.tag4qa.tests.TestAddCustomer -->
