<?xml version="1.0" encoding="UTF-8"?>
<testsuite xmlns:xsi="http://www.w3.org/2001/XMLSchema-instance" xsi:schemaLocation="https://maven.apache.org/surefire/maven-surefire-plugin/xsd/surefire-test-report.xsd" name="TestSuite" time="22.901" tests="3" errors="0" skipped="2" failures="1">
  <properties>
    <property name="java.runtime.name" value="Java(TM) SE Runtime Environment"/>
    <property name="sun.boot.library.path" value="C:\Program Files\Java\jdk1.8.0_73\jre\bin"/>
    <property name="java.vm.version" value="25.73-b02"/>
    <property name="java.vm.vendor" value="Oracle Corporation"/>
    <property name="maven.multiModuleProjectDirectory" value="C:\Users\mperumal\Desktop\PCH_Test_WS\Framework"/>
    <property name="java.vendor.url" value="http://java.oracle.com/"/>
    <property name="path.separator" value=";"/>
    <property name="guice.disable.misplaced.annotation.check" value="true"/>
    <property name="java.vm.name" value="Java HotSpot(TM) 64-Bit Server VM"/>
    <property name="file.encoding.pkg" value="sun.io"/>
    <property name="user.script" value=""/>
    <property name="user.country" value="US"/>
    <property name="sun.java.launcher" value="SUN_STANDARD"/>
    <property name="sun.os.patch.level" value="Service Pack 1"/>
    <property name="java.vm.specification.name" value="Java Virtual Machine Specification"/>
    <property name="user.dir" value="C:\Users\mperumal\Desktop\PCH_Test_WS\Framework"/>
    <property name="java.runtime.version" value="1.8.0_73-b02"/>
    <property name="java.awt.graphicsenv" value="sun.awt.Win32GraphicsEnvironment"/>
    <property name="basedir" value="C:\Users\mperumal\Desktop\PCH_Test_WS\Framework"/>
    <property name="java.endorsed.dirs" value="C:\Program Files\Java\jdk1.8.0_73\jre\lib\endorsed"/>
    <property name="os.arch" value="amd64"/>
    <property name="java.io.tmpdir" value="C:\Users\mperumal\AppData\Local\Temp\"/>
    <property name="line.separator" value="&#10;"/>
    <property name="java.vm.specification.vendor" value="Oracle Corporation"/>
    <property name="user.variant" value=""/>
    <property name="os.name" value="Windows 7"/>
    <property name="classworlds.conf" value="C:\Users\mperumal\Desktop\PCH_Test_WS\.metadata\.plugins\org.eclipse.m2e.launching\launches\m2conf2018873681832739870.tmp"/>
    <property name="sun.jnu.encoding" value="Cp1252"/>
    <property name="java.library.path" value="C:\Program Files\Java\jdk1.8.0_73\bin;C:\Windows\Sun\Java\bin;C:\Windows\system32;C:\Windows;C:/Program Files/Java/jdk1.8.0_73/bin/../jre/bin/server;C:/Program Files/Java/jdk1.8.0_73/bin/../jre/bin;C:/Program Files/Java/jdk1.8.0_73/bin/../jre/lib/amd64;C:\Program Files\Java\jdk1.8.0_73;C:\Windows\system32;C:\Windows;C:\Windows\System32\Wbem;C:\Windows\System32\WindowsPowerShell\v1.0\;C:\Program Files\Citrix\System32\;C:\Program Files\Java\jdk1.8.0_73\bin;C:\Program Files\Java\jdk1.8.0_73\lib;C:\Program Files (x86)\Skype\Phone\;C:\Program Files\Citrix\ICAService\;C:\Users\mperumal\Downloads\apache-maven-3.3.9-bin\apache-maven-3.3.9\bin;C:\Program Files\Java\jre1.8.0_73\lib;;C:\Users\mperumal\Downloads\Eclipse\Mars\eclipse-jee-mars-2-win32-x86_64\eclipse;;."/>
    <property name="surefire.test.class.path" value="C:\Users\mperumal\Desktop\PCH_Test_WS\Framework\target\test-classes;C:\Users\mperumal\Desktop\PCH_Test_WS\Framework\target\classes;C:\Users\mperumal\.m2\repository\org\seleniumhq\selenium\selenium-java\2.53.0\selenium-java-2.53.0.jar;C:\Users\mperumal\.m2\repository\org\seleniumhq\selenium\selenium-chrome-driver\2.53.0\selenium-chrome-driver-2.53.0.jar;C:\Users\mperumal\.m2\repository\org\seleniumhq\selenium\selenium-remote-driver\2.53.0\selenium-remote-driver-2.53.0.jar;C:\Users\mperumal\.m2\repository\org\seleniumhq\selenium\selenium-api\2.53.0\selenium-api-2.53.0.jar;C:\Users\mperumal\.m2\repository\org\apache\httpcomponents\httpclient\4.5.1\httpclient-4.5.1.jar;C:\Users\mperumal\.m2\repository\org\apache\httpcomponents\httpcore\4.4.3\httpcore-4.4.3.jar;C:\Users\mperumal\.m2\repository\commons-logging\commons-logging\1.2\commons-logging-1.2.jar;C:\Users\mperumal\.m2\repository\com\google\guava\guava\19.0\guava-19.0.jar;C:\Users\mperumal\.m2\repository\org\seleniumhq\selenium\selenium-edge-driver\2.53.0\selenium-edge-driver-2.53.0.jar;C:\Users\mperumal\.m2\repository\commons-io\commons-io\2.4\commons-io-2.4.jar;C:\Users\mperumal\.m2\repository\org\apache\commons\commons-exec\1.3\commons-exec-1.3.jar;C:\Users\mperumal\.m2\repository\org\seleniumhq\selenium\selenium-firefox-driver\2.53.0\selenium-firefox-driver-2.53.0.jar;C:\Users\mperumal\.m2\repository\org\seleniumhq\selenium\selenium-ie-driver\2.53.0\selenium-ie-driver-2.53.0.jar;C:\Users\mperumal\.m2\repository\net\java\dev\jna\jna\4.1.0\jna-4.1.0.jar;C:\Users\mperumal\.m2\repository\net\java\dev\jna\jna-platform\4.1.0\jna-platform-4.1.0.jar;C:\Users\mperumal\.m2\repository\org\seleniumhq\selenium\selenium-safari-driver\2.53.0\selenium-safari-driver-2.53.0.jar;C:\Users\mperumal\.m2\repository\io\netty\netty\3.5.7.Final\netty-3.5.7.Final.jar;C:\Users\mperumal\.m2\repository\org\seleniumhq\selenium\selenium-support\2.53.0\selenium-support-2.53.0.jar;C:\Users\mperumal\.m2\repository\org\seleniumhq\selenium\selenium-leg-rc\2.53.0\selenium-leg-rc-2.53.0.jar;C:\Users\mperumal\.m2\repository\org\testng\testng\6.9.10\testng-6.9.10.jar;C:\Users\mperumal\.m2\repository\com\beust\jcommander\1.48\jcommander-1.48.jar;C:\Users\mperumal\.m2\repository\org\beanshell\bsh\2.0b4\bsh-2.0b4.jar;C:\Users\mperumal\.m2\repository\org\json\json\20090211\json-20090211.jar;C:\Users\mperumal\.m2\repository\mysql\mysql-connector-java\5.1.6\mysql-connector-java-5.1.6.jar;C:\Users\mperumal\.m2\repository\org\apache\poi\poi\3.13\poi-3.13.jar;C:\Users\mperumal\.m2\repository\commons-codec\commons-codec\1.9\commons-codec-1.9.jar;C:\Users\mperumal\.m2\repository\org\apache\poi\poi-ooxml\3.13\poi-ooxml-3.13.jar;C:\Users\mperumal\.m2\repository\org\apache\poi\poi-ooxml-schemas\3.13\poi-ooxml-schemas-3.13.jar;C:\Users\mperumal\.m2\repository\org\apache\xmlbeans\xmlbeans\2.6.0\xmlbeans-2.6.0.jar;C:\Users\mperumal\.m2\repository\stax\stax-api\1.0.1\stax-api-1.0.1.jar;C:\Users\mperumal\.m2\repository\ru\yandex\qatools\ashot\ashot\1.4.12\ashot-1.4.12.jar;C:\Users\mperumal\.m2\repository\com\google\code\gson\gson\2.2.4\gson-2.2.4.jar;C:\Users\mperumal\.m2\repository\org\hamcrest\hamcrest-all\1.3\hamcrest-all-1.3.jar;C:\Users\mperumal\.m2\repository\com\googlecode\lambdaj\lambdaj\2.3.3\lambdaj-2.3.3.jar;C:\Users\mperumal\.m2\repository\org\objenesis\objenesis\1.2\objenesis-1.2.jar;C:\Users\mperumal\.m2\repository\cglib\cglib-nodep\2.2\cglib-nodep-2.2.jar;C:\Users\mperumal\.m2\repository\log4j\log4j\1.2.17\log4j-1.2.17.jar;C:\Users\mperumal\.m2\repository\org\apache\maven\surefire\surefire-testng-utils\2.19.1\surefire-testng-utils-2.19.1.jar;C:\Users\mperumal\.m2\repository\org\apache\maven\surefire\surefire-grouper\2.19.1\surefire-grouper-2.19.1.jar;"/>
    <property name="java.specification.name" value="Java Platform API Specification"/>
    <property name="java.class.version" value="52.0"/>
    <property name="sun.management.compiler" value="HotSpot 64-Bit Tiered Compilers"/>
    <property name="os.version" value="6.1"/>
    <property name="user.home" value="C:\Users\mperumal"/>
    <property name="user.timezone" value="Asia/Calcutta"/>
    <property name="java.awt.printerjob" value="sun.awt.windows.WPrinterJob"/>
    <property name="java.specification.version" value="1.8"/>
    <property name="file.encoding" value="Cp1252"/>
    <property name="user.name" value="mperumal"/>
    <property name="java.class.path" value="C:\Users\mperumal\Downloads\apache-maven-3.3.9-bin\apache-maven-3.3.9\boot\plexus-classworlds-2.5.2.jar"/>
    <property name="java.vm.specification.version" value="1.8"/>
    <property name="sun.arch.data.model" value="64"/>
    <property name="java.home" value="C:\Program Files\Java\jdk1.8.0_73\jre"/>
    <property name="sun.java.command" value="org.codehaus.plexus.classworlds.launcher.Launcher -B test"/>
    <property name="java.specification.vendor" value="Oracle Corporation"/>
    <property name="user.language" value="en"/>
    <property name="awt.toolkit" value="sun.awt.windows.WToolkit"/>
    <property name="java.vm.info" value="mixed mode"/>
    <property name="java.version" value="1.8.0_73"/>
    <property name="java.ext.dirs" value="C:\Program Files\Java\jdk1.8.0_73\jre\lib\ext;C:\Windows\Sun\Java\lib\ext"/>
    <property name="sun.boot.class.path" value="C:\Program Files\Java\jdk1.8.0_73\jre\lib\resources.jar;C:\Program Files\Java\jdk1.8.0_73\jre\lib\rt.jar;C:\Program Files\Java\jdk1.8.0_73\jre\lib\sunrsasign.jar;C:\Program Files\Java\jdk1.8.0_73\jre\lib\jsse.jar;C:\Program Files\Java\jdk1.8.0_73\jre\lib\jce.jar;C:\Program Files\Java\jdk1.8.0_73\jre\lib\charsets.jar;C:\Program Files\Java\jdk1.8.0_73\jre\lib\jfr.jar;C:\Program Files\Java\jdk1.8.0_73\jre\classes"/>
    <property name="java.vendor" value="Oracle Corporation"/>
    <property name="maven.home" value="C:\Users\mperumal\Downloads\apache-maven-3.3.9-bin\apache-maven-3.3.9"/>
    <property name="localRepository" value="C:\Users\mperumal\.m2\repository"/>
    <property name="file.separator" value="\"/>
    <property name="java.vendor.url.bug" value="http://bugreport.sun.com/bugreport/"/>
    <property name="sun.cpu.endian" value="little"/>
    <property name="sun.io.unicode.encoding" value="UnicodeLittle"/>
    <property name="sun.desktop" value="windows"/>
    <property name="sun.cpu.isalist" value="amd64"/>
  </properties>
  <testcase name="appLogin" classname="com.tag4qa.tests.TestCartCheckout" time="19.434">
    <failure type="java.lang.NullPointerException">java.lang.NullPointerException
</failure>
    <system-out><![CDATA[...
... TestNG 6.9.10 by CÃ©dric Beust (cedric@beust.com)
...

]]></system-out>
    <system-err><![CDATA[log4j:WARN No appenders could be found for logger (com.tag4qa.util.BuildTriggerer).
log4j:WARN Please initialize the log4j system properly.
log4j:WARN See http://logging.apache.org/log4j/1.2/faq.html#noconfig for more info.
]]></system-err>
  </testcase>
  <testcase name="test_Home_Page_Appear_Correct" classname="com.tag4qa.tests.TestCartCheckout" time="0">
    <skipped/>
  </testcase>
  <testcase name="appLogout" classname="com.tag4qa.tests.TestCartCheckout" time="0">
    <skipped/>
    <system-out><![CDATA[Test result:SKIP
]]></system-out>
    <system-err><![CDATA[Jul 13, 2016 12:04:03 PM org.openqa.selenium.remote.Augmenter extractRemoteWebDriver
WARNING: Augmenter should be applied to the instances of @Augmentable classes or previously augmented instances only
]]></system-err>
  </testcase>
</testsuite>